<?xml version="1.0" encoding="UTF-8"?>
<testsuite xmlns:xsi="http://www.w3.org/2001/XMLSchema-instance" xsi:noNamespaceSchemaLocation="https://maven.apache.org/surefire/maven-surefire-plugin/xsd/surefire-test-report-3.0.xsd" version="3.0" name="br.com.fiap.disastereye.DisasterEyeApplicationTests" time="11.864" tests="9" errors="0" skipped="0" failures="0">
  <properties>
[...]
</properties>
  <testcase name="shouldReturnNearbyAlerts" classname="br.com.fiap.disastereye.DisasterEyeApplicationTests" time="1.323">
    <system-out><![CDATA[21:46:30.188 [main] INFO org.springframework.test.context.support.AnnotationConfigContextLoaderUtils -- Could not detect default configuration classes for test class [br.com.fiap.disastereye.DisasterEyeApplicationTests]: DisasterEyeApplicationTests does not declare any static, non-private, non-final, nested classes annotated with @Configuration.
21:46:30.333 [main] INFO org.springframework.boot.test.context.SpringBootTestContextBootstrapper -- Found @SpringBootConfiguration br.com.fiap.disastereye.DisasterEyeApplication for test class br.com.fiap.disastereye.DisasterEyeApplicationTests

  .   ____          _            __ _ _
 /\\ / ___'_ __ _ _(_)_ __  __ _ \ \ \ \
( ( )\___ | '_ | '_| | '_ \/ _` | \ \ \ \
 \\/  ___)| |_)| | | | | || (_| |  ) ) ) )
  '  |____| .__|_| |_|_| |_\__, | / / / /
 =========|_|==============|___/=/_/_/_/
 :: Spring Boot ::                (v3.2.5)

2026-06-01 21:46:31 [main] INFO  [traceId=] b.c.f.d.DisasterEyeApplicationTests - Starting DisasterEyeApplicationTests using Java 22.0.1 with PID 15860 (started by Rafinha in E:\OneDrive\Área de Trabalho\disastereye)
2026-06-01 21:46:31 [main] DEBUG [traceId=] b.c.f.d.DisasterEyeApplicationTests - Running with Spring Boot v3.2.5, Spring v6.1.6
2026-06-01 21:46:31 [main] INFO  [traceId=] b.c.f.d.DisasterEyeApplicationTests - The following 1 profile is active: "test"
2026-06-01 21:46:32 [main] INFO  [traceId=] o.s.d.r.c.RepositoryConfigurationDelegate - Bootstrapping Spring Data JPA repositories in DEFAULT mode.
2026-06-01 21:46:32 [main] INFO  [traceId=] o.s.d.r.c.RepositoryConfigurationDelegate - Finished Spring Data repository scanning in 60 ms. Found 3 JPA repository interfaces.
2026-06-01 21:46:33 [main] INFO  [traceId=] o.h.jpa.internal.util.LogHelper - HHH000204: Processing PersistenceUnitInfo [name: default]
2026-06-01 21:46:33 [main] INFO  [traceId=] org.hibernate.Version - HHH000412: Hibernate ORM core version 6.4.4.Final
2026-06-01 21:46:33 [main] INFO  [traceId=] o.h.c.i.RegionFactoryInitiator - HHH000026: Second-level cache disabled
2026-06-01 21:46:33 [main] INFO  [traceId=] o.s.o.j.p.SpringPersistenceUnitInfo - No LoadTimeWeaver setup: ignoring JPA class transformer
2026-06-01 21:46:34 [main] INFO  [traceId=] com.zaxxer.hikari.HikariDataSource - HikariPool-1 - Starting...
2026-06-01 21:46:34 [main] INFO  [traceId=] com.zaxxer.hikari.pool.HikariPool - HikariPool-1 - Added connection conn0: url=jdbc:h2:mem:disastereyedb user=SA
2026-06-01 21:46:34 [main] INFO  [traceId=] com.zaxxer.hikari.HikariDataSource - HikariPool-1 - Start completed.
2026-06-01 21:46:34 [main] WARN  [traceId=] org.hibernate.orm.deprecation - HHH90000025: H2Dialect does not need to be specified explicitly using 'hibernate.dialect' (remove the property setting and it will be selected by default)
2026-06-01 21:46:35 [main] INFO  [traceId=] o.h.e.t.j.p.i.JtaPlatformInitiator - HHH000489: No JTA platform available (set 'hibernate.transaction.jta.platform' to enable JTA platform integration)
Hibernate: 
    drop table if exists alert_reports cascade 
Hibernate: 
    drop table if exists disaster_alerts cascade 
Hibernate: 
    drop table if exists users cascade 
Hibernate: 
    create table alert_reports (
        infrastructure_damage boolean,
        people_affected integer,
        alert_id bigint not null,
        created_at timestamp(6) not null,
        id bigint generated by default as identity,
        reported_by bigint not null,
        description TEXT not null,
        status varchar(255) not null check (status in ('PENDING','VERIFIED','REJECTED')),
        primary key (id)
    )
Hibernate: 
    create table disaster_alerts (
        affected_radius_km float(53),
        latitude float(53) not null,
        longitude float(53) not null,
        created_at timestamp(6) not null,
        created_by bigint,
        detected_at timestamp(6) not null,
        id bigint generated by default as identity,
        updated_at timestamp(6),
        description TEXT,
        location varchar(255) not null,
        nasa_event_id varchar(255),
        satellite_source varchar(255),
        severity varchar(255) not null check (severity in ('LOW','MEDIUM','HIGH','CRITICAL')),
        status varchar(255) not null check (status in ('ACTIVE','MONITORING','RESOLVED','CANCELLED')),
        title varchar(255) not null,
        type varchar(255) not null check (type in ('WILDFIRE','FLOOD','EARTHQUAKE','VOLCANO','STORM','DROUGHT','TSUNAMI','LANDSLIDE')),
        primary key (id)
    )
Hibernate: 
    create table users (
        active boolean not null,
        created_at timestamp(6) not null,
        id bigint generated by default as identity,
        updated_at timestamp(6),
        email varchar(255) not null unique,
        name varchar(255) not null,
        password varchar(255) not null,
        role varchar(255) not null check (role in ('ADMIN','USER','RESPONDER')),
        primary key (id)
    )
Hibernate: 
    alter table if exists alert_reports 
       add constraint FK964svp4da03eskhmcv8lpnd9s 
       foreign key (alert_id) 
       references disaster_alerts
Hibernate: 
    alter table if exists alert_reports 
       add constraint FKslcpjn6e1cm5f6vc0309ipve3 
       foreign key (reported_by) 
       references users
Hibernate: 
    alter table if exists disaster_alerts 
       add constraint FKqsv82x73uqgqfnd5mbov2n29j 
       foreign key (created_by) 
       references users
2026-06-01 21:46:35 [main] INFO  [traceId=] o.s.o.j.LocalContainerEntityManagerFactoryBean - Initialized JPA EntityManagerFactory for persistence unit 'default'
2026-06-01 21:46:35 [main] INFO  [traceId=] o.s.d.j.r.query.QueryEnhancerFactory - Hibernate is in classpath; If applicable, HQL parser will be used.
2026-06-01 21:46:36 [main] WARN  [traceId=] o.s.b.a.o.j.JpaBaseConfiguration$JpaWebConfiguration - spring.jpa.open-in-view is enabled by default. Therefore, database queries may be performed during view rendering. Explicitly configure spring.jpa.open-in-view to disable this warning
2026-06-01 21:46:37 [main] INFO  [traceId=] o.s.b.a.e.web.EndpointLinksResolver - Exposing 3 endpoint(s) beneath base path '/actuator'
2026-06-01 21:46:37 [main] INFO  [traceId=] o.s.s.web.DefaultSecurityFilterChain - Will secure any request with [org.springframework.security.web.session.DisableEncodeUrlFilter@ebc1f14, org.springframework.security.web.context.request.async.WebAsyncManagerIntegrationFilter@5c2bccb5, org.springframework.security.web.context.SecurityContextHolderFilter@2032ad89, org.springframework.security.web.header.HeaderWriterFilter@197115d6, org.springframework.web.filter.CorsFilter@1067da91, org.springframework.security.web.authentication.logout.LogoutFilter@203cab01, br.com.fiap.disastereye.filter.JwtAuthFilter@fd01c56, org.springframework.security.web.savedrequest.RequestCacheAwareFilter@655c97da, org.springframework.security.web.servletapi.SecurityContextHolderAwareRequestFilter@1f24fb1, org.springframework.security.web.authentication.AnonymousAuthenticationFilter@39785b39, org.springframework.security.web.session.SessionManagementFilter@542024ac, org.springframework.security.web.access.ExceptionTranslationFilter@425eb98a, org.springframework.security.web.access.intercept.AuthorizationFilter@1e9d8137]
2026-06-01 21:46:38 [main] INFO  [traceId=] o.s.b.a.h.H2ConsoleAutoConfiguration - H2 console available at '/h2-console'. Database available at 'jdbc:h2:mem:disastereyedb'
2026-06-01 21:46:38 [main] DEBUG [traceId=] b.c.f.d.filter.JwtAuthFilter - Filter 'jwtAuthFilter' configured for use
2026-06-01 21:46:38 [main] INFO  [traceId=] o.s.b.t.m.w.SpringBootMockServletContext - Initializing Spring TestDispatcherServlet ''
2026-06-01 21:46:38 [main] INFO  [traceId=] o.s.t.w.s.TestDispatcherServlet - Initializing Servlet ''
2026-06-01 21:46:38 [main] INFO  [traceId=] o.s.t.w.s.TestDispatcherServlet - Completed initialization in 1 ms
2026-06-01 21:46:38 [main] INFO  [traceId=] b.c.f.d.DisasterEyeApplicationTests - Started DisasterEyeApplicationTests in 7.907 seconds (process running for 9.117)
Hibernate: 
    select
        u1_0.id 
    from
        users u1_0 
    where
        u1_0.email=? 
    fetch
        first ? rows only
Hibernate: 
    insert 
    into
        users
        (active, created_at, email, name, password, role, updated_at, id) 
    values
        (?, ?, ?, ?, ?, ?, ?, default)
2026-06-01 21:46:38 [main] INFO  [traceId=] b.c.f.d.config.DataInitializer - Usuário ADMIN criado: admin@disastereye.com / admin123
Hibernate: 
    select
        u1_0.id 
    from
        users u1_0 
    where
        u1_0.email=? 
    fetch
        first ? rows only
Hibernate: 
    insert 
    into
        users
        (active, created_at, email, name, password, role, updated_at, id) 
    values
        (?, ?, ?, ?, ?, ?, ?, default)
2026-06-01 21:46:38 [main] INFO  [traceId=] b.c.f.d.config.DataInitializer - Usuário RESPONDER criado: responder@disastereye.com / resp123
Hibernate: 
    select
        u1_0.id 
    from
        users u1_0 
    where
        u1_0.email=? 
    fetch
        first ? rows only
Hibernate: 
    insert 
    into
        users
        (active, created_at, email, name, password, role, updated_at, id) 
    values
        (?, ?, ?, ?, ?, ?, ?, default)
2026-06-01 21:46:39 [main] INFO  [traceId=] b.c.f.d.config.DataInitializer - Usuário USER criado: user@disastereye.com / user123
Hibernate: 
    select
        count(*) 
    from
        disaster_alerts da1_0
Hibernate: 
    insert 
    into
        disaster_alerts
        (affected_radius_km, created_at, created_by, description, detected_at, latitude, location, longitude, nasa_event_id, satellite_source, severity, status, title, type, updated_at, id) 
    values
        (?, ?, ?, ?, ?, ?, ?, ?, ?, ?, ?, ?, ?, ?, ?, default)
Hibernate: 
    insert 
    into
        disaster_alerts
        (affected_radius_km, created_at, created_by, description, detected_at, latitude, location, longitude, nasa_event_id, satellite_source, severity, status, title, type, updated_at, id) 
    values
        (?, ?, ?, ?, ?, ?, ?, ?, ?, ?, ?, ?, ?, ?, ?, default)
Hibernate: 
    insert 
    into
        disaster_alerts
        (affected_radius_km, created_at, created_by, description, detected_at, latitude, location, longitude, nasa_event_id, satellite_source, severity, status, title, type, updated_at, id) 
    values
        (?, ?, ?, ?, ?, ?, ?, ?, ?, ?, ?, ?, ?, ?, ?, default)
Hibernate: 
    insert 
    into
        disaster_alerts
        (affected_radius_km, created_at, created_by, description, detected_at, latitude, location, longitude, nasa_event_id, satellite_source, severity, status, title, type, updated_at, id) 
    values
        (?, ?, ?, ?, ?, ?, ?, ?, ?, ?, ?, ?, ?, ?, ?, default)
2026-06-01 21:46:39 [main] INFO  [traceId=] b.c.f.d.config.DataInitializer - 4 alertas de exemplo criados.
2026-06-01 21:46:39 [main] INFO  [traceId=] b.c.f.d.config.DataInitializer - === DisasterEye inicializado com dados de exemplo ===
Hibernate: 
    select
        u1_0.id,
        u1_0.active,
        u1_0.created_at,
        u1_0.email,
        u1_0.name,
        u1_0.password,
        u1_0.role,
        u1_0.updated_at 
    from
        users u1_0 
    where
        u1_0.email=?
Hibernate: 
    select
        u1_0.id,
        u1_0.active,
        u1_0.created_at,
        u1_0.email,
        u1_0.name,
        u1_0.password,
        u1_0.role,
        u1_0.updated_at 
    from
        users u1_0 
    where
        u1_0.email=?
2026-06-01 21:46:40 [main] INFO  [traceId=985f558c] b.c.f.d.service.AuthService - Login realizado: user@disastereye.com
Hibernate: 
    select
        u1_0.id,
        u1_0.active,
        u1_0.created_at,
        u1_0.email,
        u1_0.name,
        u1_0.password,
        u1_0.role,
        u1_0.updated_at 
    from
        users u1_0 
    where
        u1_0.email=?
Hibernate: 
    select
        u1_0.id,
        u1_0.active,
        u1_0.created_at,
        u1_0.email,
        u1_0.name,
        u1_0.password,
        u1_0.role,
        u1_0.updated_at 
    from
        users u1_0 
    where
        u1_0.email=?
2026-06-01 21:46:40 [main] INFO  [traceId=2cc47616] b.c.f.d.service.AuthService - Login realizado: admin@disastereye.com
2026-06-01 21:46:40 [main] DEBUG [traceId=3dff890b] b.c.f.d.service.DisasterAlertService - Buscando alertas em -17.7, -57.4 num raio de 200.0km
Hibernate: 
    select
        da1_0.id,
        da1_0.affected_radius_km,
        da1_0.created_at,
        da1_0.created_by,
        da1_0.description,
        da1_0.detected_at,
        da1_0.latitude,
        da1_0.location,
        da1_0.longitude,
        da1_0.nasa_event_id,
        da1_0.satellite_source,
        da1_0.severity,
        da1_0.status,
        da1_0.title,
        da1_0.type,
        da1_0.updated_at 
    from
        disaster_alerts da1_0 
    where
        da1_0.status='ACTIVE' 
        and (
            6371*acos((((cos(radians(?))*cos(radians(da1_0.latitude)))*cos((radians(da1_0.longitude)-radians(?))))+(sin(radians(?))*sin(radians(da1_0.latitude)))))
        )<=? 
    order by
        da1_0.severity desc
]]></system-out>
    <system-err><![CDATA[WARNING: A Java agent has been loaded dynamically (C:\Users\Rafinha\.m2\repository\net\bytebuddy\byte-buddy-agent\1.14.13\byte-buddy-agent-1.14.13.jar)
WARNING: If a serviceability tool is in use, please run with -XX:+EnableDynamicAgentLoading to hide this warning
WARNING: If a serviceability tool is not in use, please run with -Djdk.instrument.traceUsage for more information
WARNING: Dynamic loading of agents will be disallowed by default in a future release
]]></system-err>
  </testcase>
  <testcase name="shouldFilterAlertsByStatus" classname="br.com.fiap.disastereye.DisasterEyeApplicationTests" time="0.161">
    <system-out><![CDATA[Hibernate: 
    select
        u1_0.id,
        u1_0.active,
        u1_0.created_at,
        u1_0.email,
        u1_0.name,
        u1_0.password,
        u1_0.role,
        u1_0.updated_at 
    from
        users u1_0 
    where
        u1_0.email=?
Hibernate: 
    select
        u1_0.id,
        u1_0.active,
        u1_0.created_at,
        u1_0.email,
        u1_0.name,
        u1_0.password,
        u1_0.role,
        u1_0.updated_at 
    from
        users u1_0 
    where
        u1_0.email=?
2026-06-01 21:46:40 [main] INFO  [traceId=105d503a] b.c.f.d.service.AuthService - Login realizado: user@disastereye.com
Hibernate: 
    select
        u1_0.id,
        u1_0.active,
        u1_0.created_at,
        u1_0.email,
        u1_0.name,
        u1_0.password,
        u1_0.role,
        u1_0.updated_at 
    from
        users u1_0 
    where
        u1_0.email=?
Hibernate: 
    select
        u1_0.id,
        u1_0.active,
        u1_0.created_at,
        u1_0.email,
        u1_0.name,
        u1_0.password,
        u1_0.role,
        u1_0.updated_at 
    from
        users u1_0 
    where
        u1_0.email=?
2026-06-01 21:46:40 [main] INFO  [traceId=24856b60] b.c.f.d.service.AuthService - Login realizado: admin@disastereye.com
Hibernate: 
    select
        da1_0.id,
        da1_0.affected_radius_km,
        da1_0.created_at,
        da1_0.created_by,
        da1_0.description,
        da1_0.detected_at,
        da1_0.latitude,
        da1_0.location,
        da1_0.longitude,
        da1_0.nasa_event_id,
        da1_0.satellite_source,
        da1_0.severity,
        da1_0.status,
        da1_0.title,
        da1_0.type,
        da1_0.updated_at 
    from
        disaster_alerts da1_0 
    where
        da1_0.status=? 
    order by
        da1_0.detected_at desc 
    offset
        ? rows 
    fetch
        first ? rows only
]]></system-out>
  </testcase>
  <testcase name="shouldCreateAlertAsAdmin" classname="br.com.fiap.disastereye.DisasterEyeApplicationTests" time="0.187">
    <system-out><![CDATA[Hibernate: 
    select
        u1_0.id,
        u1_0.active,
        u1_0.created_at,
        u1_0.email,
        u1_0.name,
        u1_0.password,
        u1_0.role,
        u1_0.updated_at 
    from
        users u1_0 
    where
        u1_0.email=?
Hibernate: 
    select
        u1_0.id,
        u1_0.active,
        u1_0.created_at,
        u1_0.email,
        u1_0.name,
        u1_0.password,
        u1_0.role,
        u1_0.updated_at 
    from
        users u1_0 
    where
        u1_0.email=?
2026-06-01 21:46:40 [main] INFO  [traceId=5986ed58] b.c.f.d.service.AuthService - Login realizado: user@disastereye.com
Hibernate: 
    select
        u1_0.id,
        u1_0.active,
        u1_0.created_at,
        u1_0.email,
        u1_0.name,
        u1_0.password,
        u1_0.role,
        u1_0.updated_at 
    from
        users u1_0 
    where
        u1_0.email=?
Hibernate: 
    select
        u1_0.id,
        u1_0.active,
        u1_0.created_at,
        u1_0.email,
        u1_0.name,
        u1_0.password,
        u1_0.role,
        u1_0.updated_at 
    from
        users u1_0 
    where
        u1_0.email=?
2026-06-01 21:46:40 [main] INFO  [traceId=006a21ef] b.c.f.d.service.AuthService - Login realizado: admin@disastereye.com
Hibernate: 
    select
        u1_0.id,
        u1_0.active,
        u1_0.created_at,
        u1_0.email,
        u1_0.name,
        u1_0.password,
        u1_0.role,
        u1_0.updated_at 
    from
        users u1_0 
    where
        u1_0.email=?
2026-06-01 21:46:40 [main] DEBUG [traceId=8b916f05] b.c.f.d.filter.JwtAuthFilter - Usuário autenticado: admin@disastereye.com | traceId: 8b916f05
Hibernate: 
    insert 
    into
        disaster_alerts
        (affected_radius_km, created_at, created_by, description, detected_at, latitude, location, longitude, nasa_event_id, satellite_source, severity, status, title, type, updated_at, id) 
    values
        (?, ?, ?, ?, ?, ?, ?, ?, ?, ?, ?, ?, ?, ?, ?, default)
2026-06-01 21:46:40 [main] INFO  [traceId=8b916f05] b.c.f.d.service.DisasterAlertService - Novo alerta criado [id=5] tipo=WILDFIRE severidade=HIGH por=admin@disastereye.com
]]></system-out>
  </testcase>
  <testcase name="shouldLoginWithValidCredentials" classname="br.com.fiap.disastereye.DisasterEyeApplicationTests" time="0.208">
    <system-out><![CDATA[Hibernate: 
    select
        u1_0.id,
        u1_0.active,
        u1_0.created_at,
        u1_0.email,
        u1_0.name,
        u1_0.password,
        u1_0.role,
        u1_0.updated_at 
    from
        users u1_0 
    where
        u1_0.email=?
Hibernate: 
    select
        u1_0.id,
        u1_0.active,
        u1_0.created_at,
        u1_0.email,
        u1_0.name,
        u1_0.password,
        u1_0.role,
        u1_0.updated_at 
    from
        users u1_0 
    where
        u1_0.email=?
2026-06-01 21:46:40 [main] INFO  [traceId=0c606fb3] b.c.f.d.service.AuthService - Login realizado: user@disastereye.com
Hibernate: 
    select
        u1_0.id,
        u1_0.active,
        u1_0.created_at,
        u1_0.email,
        u1_0.name,
        u1_0.password,
        u1_0.role,
        u1_0.updated_at 
    from
        users u1_0 
    where
        u1_0.email=?
Hibernate: 
    select
        u1_0.id,
        u1_0.active,
        u1_0.created_at,
        u1_0.email,
        u1_0.name,
        u1_0.password,
        u1_0.role,
        u1_0.updated_at 
    from
        users u1_0 
    where
        u1_0.email=?
2026-06-01 21:46:40 [main] INFO  [traceId=89457c52] b.c.f.d.service.AuthService - Login realizado: admin@disastereye.com
Hibernate: 
    select
        u1_0.id,
        u1_0.active,
        u1_0.created_at,
        u1_0.email,
        u1_0.name,
        u1_0.password,
        u1_0.role,
        u1_0.updated_at 
    from
        users u1_0 
    where
        u1_0.email=?
Hibernate: 
    select
        u1_0.id,
        u1_0.active,
        u1_0.created_at,
        u1_0.email,
        u1_0.name,
        u1_0.password,
        u1_0.role,
        u1_0.updated_at 
    from
        users u1_0 
    where
        u1_0.email=?
2026-06-01 21:46:40 [main] INFO  [traceId=ca4ec1bb] b.c.f.d.service.AuthService - Login realizado: user@disastereye.com
]]></system-out>
  </testcase>
  <testcase name="shouldListAlertsPublicly" classname="br.com.fiap.disastereye.DisasterEyeApplicationTests" time="0.152">
    <system-out><![CDATA[Hibernate: 
    select
        u1_0.id,
        u1_0.active,
        u1_0.created_at,
        u1_0.email,
        u1_0.name,
        u1_0.password,
        u1_0.role,
        u1_0.updated_at 
    from
        users u1_0 
    where
        u1_0.email=?
Hibernate: 
    select
        u1_0.id,
        u1_0.active,
        u1_0.created_at,
        u1_0.email,
        u1_0.name,
        u1_0.password,
        u1_0.role,
        u1_0.updated_at 
    from
        users u1_0 
    where
        u1_0.email=?
2026-06-01 21:46:41 [main] INFO  [traceId=ef691d7a] b.c.f.d.service.AuthService - Login realizado: user@disastereye.com
Hibernate: 
    select
        u1_0.id,
        u1_0.active,
        u1_0.created_at,
        u1_0.email,
        u1_0.name,
        u1_0.password,
        u1_0.role,
        u1_0.updated_at 
    from
        users u1_0 
    where
        u1_0.email=?
Hibernate: 
    select
        u1_0.id,
        u1_0.active,
        u1_0.created_at,
        u1_0.email,
        u1_0.name,
        u1_0.password,
        u1_0.role,
        u1_0.updated_at 
    from
        users u1_0 
    where
        u1_0.email=?
2026-06-01 21:46:41 [main] INFO  [traceId=32a05e6d] b.c.f.d.service.AuthService - Login realizado: admin@disastereye.com
Hibernate: 
    select
        da1_0.id,
        da1_0.affected_radius_km,
        da1_0.created_at,
        da1_0.created_by,
        da1_0.description,
        da1_0.detected_at,
        da1_0.latitude,
        da1_0.location,
        da1_0.longitude,
        da1_0.nasa_event_id,
        da1_0.satellite_source,
        da1_0.severity,
        da1_0.status,
        da1_0.title,
        da1_0.type,
        da1_0.updated_at 
    from
        disaster_alerts da1_0 
    order by
        da1_0.detected_at desc 
    offset
        ? rows 
    fetch
        first ? rows only
]]></system-out>
  </testcase>
  <testcase name="shouldReturn401WithInvalidCredentials" classname="br.com.fiap.disastereye.DisasterEyeApplicationTests" time="0.206">
    <system-out><![CDATA[Hibernate: 
    select
        u1_0.id,
        u1_0.active,
        u1_0.created_at,
        u1_0.email,
        u1_0.name,
        u1_0.password,
        u1_0.role,
        u1_0.updated_at 
    from
        users u1_0 
    where
        u1_0.email=?
Hibernate: 
    select
        u1_0.id,
        u1_0.active,
        u1_0.created_at,
        u1_0.email,
        u1_0.name,
        u1_0.password,
        u1_0.role,
        u1_0.updated_at 
    from
        users u1_0 
    where
        u1_0.email=?
2026-06-01 21:46:41 [main] INFO  [traceId=62bc9f6d] b.c.f.d.service.AuthService - Login realizado: user@disastereye.com
Hibernate: 
    select
        u1_0.id,
        u1_0.active,
        u1_0.created_at,
        u1_0.email,
        u1_0.name,
        u1_0.password,
        u1_0.role,
        u1_0.updated_at 
    from
        users u1_0 
    where
        u1_0.email=?
Hibernate: 
    select
        u1_0.id,
        u1_0.active,
        u1_0.created_at,
        u1_0.email,
        u1_0.name,
        u1_0.password,
        u1_0.role,
        u1_0.updated_at 
    from
        users u1_0 
    where
        u1_0.email=?
2026-06-01 21:46:41 [main] INFO  [traceId=33136fa9] b.c.f.d.service.AuthService - Login realizado: admin@disastereye.com
Hibernate: 
    select
        u1_0.id,
        u1_0.active,
        u1_0.created_at,
        u1_0.email,
        u1_0.name,
        u1_0.password,
        u1_0.role,
        u1_0.updated_at 
    from
        users u1_0 
    where
        u1_0.email=?
2026-06-01 21:46:41 [main] WARN  [traceId=20c73cd4] b.c.f.d.e.GlobalExceptionHandler - [AUTH] Credenciais inválidas | path=/api/v1/auth/login
]]></system-out>
  </testcase>
  <testcase name="shouldRegisterNewUser" classname="br.com.fiap.disastereye.DisasterEyeApplicationTests" time="0.212">
    <system-out><![CDATA[Hibernate: 
    select
        u1_0.id,
        u1_0.active,
        u1_0.created_at,
        u1_0.email,
        u1_0.name,
        u1_0.password,
        u1_0.role,
        u1_0.updated_at 
    from
        users u1_0 
    where
        u1_0.email=?
Hibernate: 
    select
        u1_0.id,
        u1_0.active,
        u1_0.created_at,
        u1_0.email,
        u1_0.name,
        u1_0.password,
        u1_0.role,
        u1_0.updated_at 
    from
        users u1_0 
    where
        u1_0.email=?
2026-06-01 21:46:41 [main] INFO  [traceId=d67865a5] b.c.f.d.service.AuthService - Login realizado: user@disastereye.com
Hibernate: 
    select
        u1_0.id,
        u1_0.active,
        u1_0.created_at,
        u1_0.email,
        u1_0.name,
        u1_0.password,
        u1_0.role,
        u1_0.updated_at 
    from
        users u1_0 
    where
        u1_0.email=?
Hibernate: 
    select
        u1_0.id,
        u1_0.active,
        u1_0.created_at,
        u1_0.email,
        u1_0.name,
        u1_0.password,
        u1_0.role,
        u1_0.updated_at 
    from
        users u1_0 
    where
        u1_0.email=?
2026-06-01 21:46:41 [main] INFO  [traceId=7603fd3f] b.c.f.d.service.AuthService - Login realizado: admin@disastereye.com
Hibernate: 
    select
        u1_0.id 
    from
        users u1_0 
    where
        u1_0.email=? 
    fetch
        first ? rows only
Hibernate: 
    insert 
    into
        users
        (active, created_at, email, name, password, role, updated_at, id) 
    values
        (?, ?, ?, ?, ?, ?, ?, default)
2026-06-01 21:46:41 [main] INFO  [traceId=75160239] b.c.f.d.service.AuthService - Novo usuário registrado: novo@test.com
]]></system-out>
  </testcase>
  <testcase name="shouldReturn403ForRegularUser" classname="br.com.fiap.disastereye.DisasterEyeApplicationTests" time="0.145">
    <system-out><![CDATA[Hibernate: 
    select
        u1_0.id,
        u1_0.active,
        u1_0.created_at,
        u1_0.email,
        u1_0.name,
        u1_0.password,
        u1_0.role,
        u1_0.updated_at 
    from
        users u1_0 
    where
        u1_0.email=?
Hibernate: 
    select
        u1_0.id,
        u1_0.active,
        u1_0.created_at,
        u1_0.email,
        u1_0.name,
        u1_0.password,
        u1_0.role,
        u1_0.updated_at 
    from
        users u1_0 
    where
        u1_0.email=?
2026-06-01 21:46:41 [main] INFO  [traceId=8d38c7da] b.c.f.d.service.AuthService - Login realizado: user@disastereye.com
Hibernate: 
    select
        u1_0.id,
        u1_0.active,
        u1_0.created_at,
        u1_0.email,
        u1_0.name,
        u1_0.password,
        u1_0.role,
        u1_0.updated_at 
    from
        users u1_0 
    where
        u1_0.email=?
Hibernate: 
    select
        u1_0.id,
        u1_0.active,
        u1_0.created_at,
        u1_0.email,
        u1_0.name,
        u1_0.password,
        u1_0.role,
        u1_0.updated_at 
    from
        users u1_0 
    where
        u1_0.email=?
2026-06-01 21:46:41 [main] INFO  [traceId=166bad5e] b.c.f.d.service.AuthService - Login realizado: admin@disastereye.com
Hibernate: 
    select
        u1_0.id,
        u1_0.active,
        u1_0.created_at,
        u1_0.email,
        u1_0.name,
        u1_0.password,
        u1_0.role,
        u1_0.updated_at 
    from
        users u1_0 
    where
        u1_0.email=?
2026-06-01 21:46:41 [main] DEBUG [traceId=142e6bd8] b.c.f.d.filter.JwtAuthFilter - Usuário autenticado: user@disastereye.com | traceId: 142e6bd8
]]></system-out>
  </testcase>
  <testcase name="shouldReturnDashboardStats" classname="br.com.fiap.disastereye.DisasterEyeApplicationTests" time="0.158">
    <system-out><![CDATA[Hibernate: 
    select
        u1_0.id,
        u1_0.active,
        u1_0.created_at,
        u1_0.email,
        u1_0.name,
        u1_0.password,
        u1_0.role,
        u1_0.updated_at 
    from
        users u1_0 
    where
        u1_0.email=?
Hibernate: 
    select
        u1_0.id,
        u1_0.active,
        u1_0.created_at,
        u1_0.email,
        u1_0.name,
        u1_0.password,
        u1_0.role,
        u1_0.updated_at 
    from
        users u1_0 
    where
        u1_0.email=?
2026-06-01 21:46:41 [main] INFO  [traceId=78e4a1c6] b.c.f.d.service.AuthService - Login realizado: user@disastereye.com
Hibernate: 
    select
        u1_0.id,
        u1_0.active,
        u1_0.created_at,
        u1_0.email,
        u1_0.name,
        u1_0.password,
        u1_0.role,
        u1_0.updated_at 
    from
        users u1_0 
    where
        u1_0.email=?
Hibernate: 
    select
        u1_0.id,
        u1_0.active,
        u1_0.created_at,
        u1_0.email,
        u1_0.name,
        u1_0.password,
        u1_0.role,
        u1_0.updated_at 
    from
        users u1_0 
    where
        u1_0.email=?
2026-06-01 21:46:41 [main] INFO  [traceId=9524123f] b.c.f.d.service.AuthService - Login realizado: admin@disastereye.com
Hibernate: 
    select
        u1_0.id,
        u1_0.active,
        u1_0.created_at,
        u1_0.email,
        u1_0.name,
        u1_0.password,
        u1_0.role,
        u1_0.updated_at 
    from
        users u1_0 
    where
        u1_0.email=?
2026-06-01 21:46:41 [main] DEBUG [traceId=f1a69098] b.c.f.d.filter.JwtAuthFilter - Usuário autenticado: user@disastereye.com | traceId: f1a69098
Hibernate: 
    select
        count(*) 
    from
        disaster_alerts da1_0
Hibernate: 
    select
        count(da1_0.id) 
    from
        disaster_alerts da1_0 
    where
        da1_0.status=?
Hibernate: 
    select
        count(da1_0.id) 
    from
        disaster_alerts da1_0 
    where
        da1_0.status=?
Hibernate: 
    select
        da1_0.id,
        da1_0.affected_radius_km,
        da1_0.created_at,
        da1_0.created_by,
        da1_0.description,
        da1_0.detected_at,
        da1_0.latitude,
        da1_0.location,
        da1_0.longitude,
        da1_0.nasa_event_id,
        da1_0.satellite_source,
        da1_0.severity,
        da1_0.status,
        da1_0.title,
        da1_0.type,
        da1_0.updated_at 
    from
        disaster_alerts da1_0 
    where
        da1_0.severity=? 
    offset
        ? rows 
    fetch
        first ? rows only
Hibernate: 
    select
        da1_0.type,
        count(da1_0.id) 
    from
        disaster_alerts da1_0 
    group by
        da1_0.type
]]></system-out>
  </testcase>
</testsuite>